
> dashboard@0.1.0 dev
> next dev

▲ Next.js 16.1.6 (Turbopack)
- Local:         http://localhost:3000
- Network:       http://172.20.10.2:3000

✓ Starting...
✓ Ready in 604ms
 GET /?id=cc4f4139-ca04-466b-a1d1-7cbe26901c58&vscodeBrowserReqId=1770342949746 200 in 399ms (compile: 343ms, render: 56ms)
 GET /?id=cc4f4139-ca04-466b-a1d1-7cbe26901c58&vscodeBrowserReqId=1770342990948 200 in 58ms (compile: 22ms, render: 36ms)
 GET /?id=cc4f4139-ca04-466b-a1d1-7cbe26901c58&vscodeBrowserReqId=1770343164437 200 in 30ms (compile: 11ms, render: 19ms)
 GET / 200 in 67ms (compile: 23ms, render: 45ms)
 GET / 200 in 31ms (compile: 6ms, render: 24ms)
 GET / 200 in 20ms (compile: 5ms, render: 15ms)
 GET / 200 in 15ms (compile: 3ms, render: 11ms)
 GET / 200 in 21ms (compile: 6ms, render: 15ms)
 GET / 200 in 58ms (compile: 8ms, render: 50ms)
 GET / 200 in 16ms (compile: 4ms, render: 12ms)
 GET / 200 in 13ms (compile: 1163µs, render: 12ms)
 GET / 200 in 19ms (compile: 5ms, render: 14ms)
 GET / 200 in 11ms (compile: 1069µs, render: 10ms)
✓ Compiled in 330ms
 GET / 200 in 139ms (compile: 86ms, render: 53ms)
 GET / 200 in 124ms (compile: 42ms, render: 81ms)
 GET / 200 in 125ms (compile: 48ms, render: 77ms)
 GET / 200 in 57ms (compile: 12ms, render: 45ms)
 GET / 200 in 95ms (compile: 40ms, render: 55ms)
 GET / 200 in 191ms (compile: 70ms, render: 121ms)
 GET / 200 in 78ms (compile: 16ms, render: 63ms)
✓ Compiled in 510ms
✓ Compiled in 194ms
✓ Compiled in 31ms
 GET / 200 in 563ms (compile: 440ms, render: 123ms)
 GET / 200 in 34ms (compile: 8ms, render: 26ms)
 GET / 200 in 36ms (compile: 5ms, render: 30ms)
 GET / 200 in 52ms (compile: 10ms, render: 42ms)
 GET / 200 in 41ms (compile: 6ms, render: 35ms)
 GET / 200 in 19ms (compile: 2ms, render: 17ms)
 GET / 200 in 18ms (compile: 1263µs, render: 17ms)
 GET / 200 in 27ms (compile: 6ms, render: 21ms)
✓ Compiled in 93ms
✓ Compiled in 83ms
✓ Compiled in 297ms
 GET / 200 in 319ms (compile: 194ms, render: 125ms)
✓ Compiled in 157ms
✓ Compiled in 48ms
